Copyright 1986-2018 Xilinx, Inc. All Rights Reserved.
------------------------------------------------------------------------------------
| Tool Version : Vivado v.2018.3 (win64) Build 2405991 Thu Dec  6 23:38:27 MST 2018
| Date         : Tue Apr  9 13:19:07 2019
| Host         : DESKTOP-AN0I6UQ running 64-bit major release  (build 9200)
| Command      : upgrade_ip
| Device       : xc7z020clg484-1
------------------------------------------------------------------------------------

Upgrade Log for IP 'design_1_mem_0_0'

1. Summary
----------

SUCCESS in the upgrade of design_1_mem_0_0 (xilinx.com:hls:mem:1.0) from (Rev. 1904031303) to (Rev. 1904091317)






Copyright 1986-2018 Xilinx, Inc. All Rights Reserved.
------------------------------------------------------------------------------------
| Tool Version : Vivado v.2018.3 (win64) Build 2405991 Thu Dec  6 23:38:27 MST 2018
| Date         : Wed Apr  3 13:04:27 2019
| Host         : DESKTOP-AN0I6UQ running 64-bit major release  (build 9200)
| Command      : upgrade_ip
| Device       : xc7z020clg484-1
------------------------------------------------------------------------------------

Upgrade Log for IP 'design_1_mem_0_0'

1. Summary
----------

SUCCESS in the upgrade of design_1_mem_0_0 (xilinx.com:hls:mem:1.0) from (Rev. 1904031235) to (Rev. 1904031303)

