INFO: [XSIM 43-3496] Using init file passed via -initfile option "D:/Xilinx/Vivado/2018.3/data/xsim/ip/xsim_ip.ini".
Vivado Simulator 2018.3
Copyright 1986-1999, 2001-2018 Xilinx, Inc. All Rights Reserved.
Running: D:/Xilinx/Vivado/2018.3/bin/unwrapped/win64.o/xelab.exe xil_defaultlib.apatb_mem_top glbl -prj mem.prj -L smartconnect_v1_0 -L axi_protocol_checker_v1_1_12 -L axi_protocol_checker_v1_1_13 -L axis_protocol_checker_v1_1_11 -L axis_protocol_checker_v1_1_12 -L xil_defaultlib -L unisims_ver -L xpm --initfile D:/Xilinx/Vivado/2018.3/data/xsim/ip/xsim_ip.ini --lib ieee_proposed=./ieee_proposed -s mem 
Multi-threading is on. Using 2 slave threads.
INFO: [VRFC 10-2263] Analyzing SystemVerilog file "D:/Workspace/phase2/src/vivado/core_mem/solution1/sim/verilog/glbl.v" into library work
INFO: [VRFC 10-311] analyzing module glbl
INFO: [VRFC 10-2263] Analyzing SystemVerilog file "D:/Workspace/phase2/src/vivado/core_mem/solution1/sim/verilog/AESL_axi_slave_CRTL_BUS.v" into library xil_defaultlib
INFO: [VRFC 10-311] analyzing module AESL_axi_slave_CRTL_BUS
INFO: [VRFC 10-2263] Analyzing SystemVerilog file "D:/Workspace/phase2/src/vivado/core_mem/solution1/sim/verilog/mem.autotb.v" into library xil_defaultlib
INFO: [VRFC 10-311] analyzing module apatb_mem_top
INFO: [VRFC 10-2263] Analyzing SystemVerilog file "D:/Workspace/phase2/src/vivado/core_mem/solution1/sim/verilog/mem.v" into library xil_defaultlib
INFO: [VRFC 10-311] analyzing module mem
INFO: [VRFC 10-2263] Analyzing SystemVerilog file "D:/Workspace/phase2/src/vivado/core_mem/solution1/sim/verilog/mem_CRTL_BUS_s_axi.v" into library xil_defaultlib
INFO: [VRFC 10-311] analyzing module mem_CRTL_BUS_s_axi
INFO: [VRFC 10-2263] Analyzing SystemVerilog file "D:/Workspace/phase2/src/vivado/core_mem/solution1/sim/verilog/mem_dram.v" into library xil_defaultlib
INFO: [VRFC 10-311] analyzing module mem_dram_ram
INFO: [VRFC 10-311] analyzing module mem_dram
INFO: [VRFC 10-2263] Analyzing SystemVerilog file "D:/Workspace/phase2/src/vivado/core_mem/solution1/sim/verilog/mem_nvm.v" into library xil_defaultlib
INFO: [VRFC 10-311] analyzing module mem_nvm_ram
INFO: [VRFC 10-311] analyzing module mem_nvm
Starting static elaboration
Completed static elaboration
Starting simulation data flow analysis
Completed simulation data flow analysis
Time Resolution for simulation is 1ps
Compiling module xil_defaultlib.mem_nvm_ram
Compiling module xil_defaultlib.mem_nvm(DataWidth=8,AddressRange...
Compiling module xil_defaultlib.mem_dram_ram
Compiling module xil_defaultlib.mem_dram(DataWidth=8,AddressRang...
Compiling module xil_defaultlib.mem_CRTL_BUS_s_axi
Compiling module xil_defaultlib.mem
Compiling module xil_defaultlib.AESL_axi_slave_CRTL_BUS
Compiling module xil_defaultlib.apatb_mem_top
Compiling module work.glbl
Built simulation snapshot mem
