14:18:50 INFO  : Registering command handlers for SDK TCF services
14:18:53 INFO  : Launching XSCT server: xsct.bat -interactive D:\Workspace\phase2\src\vivado\core_mem_vivado\core_mem_vivado.sdk\temp_xsdb_launch_script.tcl
14:19:00 INFO  : XSCT server has started successfully.
14:19:00 INFO  : Successfully done setting XSCT server connection channel  
14:19:12 INFO  : Successfully done setting SDK workspace  
14:19:12 INFO  : Processing command line option -hwspec D:/Workspace/phase2/src/vivado/core_mem_vivado/core_mem_vivado.sdk/design_1_wrapper.hdf.
15:28:20 INFO  : Connected to target on host '127.0.0.1' and port '3121'.
15:43:29 INFO  : Connected to target on host '127.0.0.1' and port '3121'.
15:43:30 INFO  : 'targets -set -filter {jtag_cable_name =~ "Digilent Zed 210248572118" && level==0} -index 1' command is executed.
15:43:32 INFO  : FPGA configured successfully with bitstream "D:/Workspace/phase2/src/vivado/core_mem_vivado/core_mem_vivado.sdk/design_1_wrapper_hw_platform_0/design_1_wrapper.bit"
15:44:10 INFO  : 'targets -set -filter {jtag_cable_name =~ "Digilent Zed 210248572118" && level==0} -index 1' command is executed.
15:44:10 INFO  : 'fpga -state' command is executed.
15:44:10 INFO  : Connected to target on host '127.0.0.1' and port '3121'.
15:44:10 INFO  : Jtag cable 'Digilent Zed 210248572118' is selected.
15:44:10 INFO  : 'jtag frequency' command is executed.
15:44:10 INFO  : Sourcing of 'D:/Workspace/phase2/src/vivado/core_mem_vivado/core_mem_vivado.sdk/design_1_wrapper_hw_platform_0/ps7_init.tcl' is done.
15:44:10 INFO  : Context for 'APU' is selected.
15:44:10 INFO  : Hardware design information is loaded from 'D:/Workspace/phase2/src/vivado/core_mem_vivado/core_mem_vivado.sdk/design_1_wrapper_hw_platform_0/system.hdf'.
15:44:10 INFO  : 'configparams force-mem-access 1' command is executed.
15:44:10 INFO  : Context for 'APU' is selected.
15:44:11 INFO  : 'stop' command is executed.
15:44:11 INFO  : 'ps7_init' command is executed.
15:44:11 INFO  : 'ps7_post_config' command is executed.
15:44:11 INFO  : 'configparams force-mem-access 0' command is executed.
15:44:11 INFO  : ----------------XSDB Script----------------
connect -url tcp:127.0.0.1:3121
source D:/Workspace/phase2/src/vivado/core_mem_vivado/core_mem_vivado.sdk/design_1_wrapper_hw_platform_0/ps7_init.tcl
targets -set -nocase -filter {name =~"APU*" && jtag_cable_name =~ "Digilent Zed 210248572118"} -index 0
loadhw -hw D:/Workspace/phase2/src/vivado/core_mem_vivado/core_mem_vivado.sdk/design_1_wrapper_hw_platform_0/system.hdf -mem-ranges [list {0x40000000 0xbfffffff}]
configparams force-mem-access 1
targets -set -nocase -filter {name =~"APU*" && jtag_cable_name =~ "Digilent Zed 210248572118"} -index 0
stop
ps7_init
ps7_post_config
configparams force-mem-access 0
----------------End of Script----------------

15:44:12 INFO  : Memory regions updated for context APU
15:44:12 INFO  : Launch script is exported to file 'D:\Workspace\phase2\src\vivado\core_mem_vivado\core_mem_vivado.sdk\.sdk\launch_scripts\xilinx_c-c++_application_(system_debugger)\system_debugger_using_debug_testmemory.elf_on_local.tcl'
15:44:46 INFO  : Disconnected from the channel tcfchan#1.
15:44:49 INFO  : 'targets -set -filter {jtag_cable_name =~ "Digilent Zed 210248572118" && level==0} -index 1' command is executed.
15:44:49 INFO  : 'fpga -state' command is executed.
15:44:49 INFO  : Connected to target on host '127.0.0.1' and port '3121'.
15:44:50 INFO  : Jtag cable 'Digilent Zed 210248572118' is selected.
15:44:50 INFO  : 'jtag frequency' command is executed.
15:44:50 INFO  : Sourcing of 'D:/Workspace/phase2/src/vivado/core_mem_vivado/core_mem_vivado.sdk/design_1_wrapper_hw_platform_0/ps7_init.tcl' is done.
15:44:50 INFO  : Context for 'APU' is selected.
15:44:56 INFO  : Hardware design information is loaded from 'D:/Workspace/phase2/src/vivado/core_mem_vivado/core_mem_vivado.sdk/design_1_wrapper_hw_platform_0/system.hdf'.
15:44:56 INFO  : 'configparams force-mem-access 1' command is executed.
15:44:56 INFO  : Context for 'APU' is selected.
15:44:56 INFO  : 'stop' command is executed.
15:44:56 INFO  : 'ps7_init' command is executed.
15:44:56 INFO  : 'ps7_post_config' command is executed.
15:44:56 INFO  : 'configparams force-mem-access 0' command is executed.
15:44:56 INFO  : ----------------XSDB Script----------------
connect -url tcp:127.0.0.1:3121
source D:/Workspace/phase2/src/vivado/core_mem_vivado/core_mem_vivado.sdk/design_1_wrapper_hw_platform_0/ps7_init.tcl
targets -set -nocase -filter {name =~"APU*" && jtag_cable_name =~ "Digilent Zed 210248572118"} -index 0
loadhw -hw D:/Workspace/phase2/src/vivado/core_mem_vivado/core_mem_vivado.sdk/design_1_wrapper_hw_platform_0/system.hdf -mem-ranges [list {0x40000000 0xbfffffff}]
configparams force-mem-access 1
targets -set -nocase -filter {name =~"APU*" && jtag_cable_name =~ "Digilent Zed 210248572118"} -index 0
stop
ps7_init
ps7_post_config
configparams force-mem-access 0
----------------End of Script----------------

15:44:56 INFO  : Memory regions updated for context APU
15:44:56 INFO  : Launch script is exported to file 'D:\Workspace\phase2\src\vivado\core_mem_vivado\core_mem_vivado.sdk\.sdk\launch_scripts\xilinx_c-c++_application_(system_debugger)\system_debugger_using_debug_testmemory.elf_on_local.tcl'
16:00:59 INFO  : Disconnected from the channel tcfchan#2.
16:01:27 INFO  : 'targets -set -filter {jtag_cable_name =~ "Digilent Zed 210248572118" && level==0} -index 1' command is executed.
16:01:27 INFO  : 'fpga -state' command is executed.
16:01:27 INFO  : Connected to target on host '127.0.0.1' and port '3121'.
16:01:27 INFO  : Jtag cable 'Digilent Zed 210248572118' is selected.
16:01:27 INFO  : 'jtag frequency' command is executed.
16:01:27 INFO  : Sourcing of 'D:/Workspace/phase2/src/vivado/core_mem_vivado/core_mem_vivado.sdk/design_1_wrapper_hw_platform_0/ps7_init.tcl' is done.
16:01:27 INFO  : Context for 'APU' is selected.
16:01:32 INFO  : Hardware design information is loaded from 'D:/Workspace/phase2/src/vivado/core_mem_vivado/core_mem_vivado.sdk/design_1_wrapper_hw_platform_0/system.hdf'.
16:01:32 INFO  : 'configparams force-mem-access 1' command is executed.
16:01:32 INFO  : Context for 'APU' is selected.
16:01:32 INFO  : 'stop' command is executed.
16:01:33 INFO  : 'ps7_init' command is executed.
16:01:33 INFO  : 'ps7_post_config' command is executed.
16:01:33 INFO  : 'configparams force-mem-access 0' command is executed.
16:01:33 INFO  : ----------------XSDB Script----------------
connect -url tcp:127.0.0.1:3121
source D:/Workspace/phase2/src/vivado/core_mem_vivado/core_mem_vivado.sdk/design_1_wrapper_hw_platform_0/ps7_init.tcl
targets -set -nocase -filter {name =~"APU*" && jtag_cable_name =~ "Digilent Zed 210248572118"} -index 0
loadhw -hw D:/Workspace/phase2/src/vivado/core_mem_vivado/core_mem_vivado.sdk/design_1_wrapper_hw_platform_0/system.hdf -mem-ranges [list {0x40000000 0xbfffffff}]
configparams force-mem-access 1
targets -set -nocase -filter {name =~"APU*" && jtag_cable_name =~ "Digilent Zed 210248572118"} -index 0
stop
ps7_init
ps7_post_config
configparams force-mem-access 0
----------------End of Script----------------

16:01:33 INFO  : Memory regions updated for context APU
16:01:33 INFO  : Launch script is exported to file 'D:\Workspace\phase2\src\vivado\core_mem_vivado\core_mem_vivado.sdk\.sdk\launch_scripts\xilinx_c-c++_application_(system_debugger)\system_debugger_using_debug_testmemory.elf_on_local.tcl'
16:02:59 INFO  : 'targets -set -filter {jtag_cable_name =~ "Digilent Zed 210248572118" && level==0} -index 1' command is executed.
16:02:59 INFO  : 'fpga -state' command is executed.
16:02:59 INFO  : Connected to target on host '127.0.0.1' and port '3121'.
16:03:00 INFO  : Jtag cable 'Digilent Zed 210248572118' is selected.
16:03:00 INFO  : 'jtag frequency' command is executed.
16:03:00 INFO  : Sourcing of 'D:/Workspace/phase2/src/vivado/core_mem_vivado/core_mem_vivado.sdk/design_1_wrapper_hw_platform_0/ps7_init.tcl' is done.
16:03:00 INFO  : Context for 'APU' is selected.
16:03:00 INFO  : Hardware design information is loaded from 'D:/Workspace/phase2/src/vivado/core_mem_vivado/core_mem_vivado.sdk/design_1_wrapper_hw_platform_0/system.hdf'.
16:03:00 INFO  : 'configparams force-mem-access 1' command is executed.
16:03:00 INFO  : Context for 'APU' is selected.
16:03:00 INFO  : 'stop' command is executed.
16:03:01 INFO  : 'ps7_init' command is executed.
16:03:01 INFO  : 'ps7_post_config' command is executed.
16:03:01 INFO  : 'configparams force-mem-access 0' command is executed.
16:03:01 INFO  : ----------------XSDB Script----------------
connect -url tcp:127.0.0.1:3121
source D:/Workspace/phase2/src/vivado/core_mem_vivado/core_mem_vivado.sdk/design_1_wrapper_hw_platform_0/ps7_init.tcl
targets -set -nocase -filter {name =~"APU*" && jtag_cable_name =~ "Digilent Zed 210248572118"} -index 0
loadhw -hw D:/Workspace/phase2/src/vivado/core_mem_vivado/core_mem_vivado.sdk/design_1_wrapper_hw_platform_0/system.hdf -mem-ranges [list {0x40000000 0xbfffffff}]
configparams force-mem-access 1
targets -set -nocase -filter {name =~"APU*" && jtag_cable_name =~ "Digilent Zed 210248572118"} -index 0
stop
ps7_init
ps7_post_config
configparams force-mem-access 0
----------------End of Script----------------

16:03:56 INFO  : Disconnected from the channel tcfchan#3.
16:06:24 INFO  : Connected to target on host '127.0.0.1' and port '3121'.
16:06:24 INFO  : 'targets -set -filter {jtag_cable_name =~ "Digilent Zed 210248572118" && level==0} -index 1' command is executed.
16:06:27 INFO  : FPGA configured successfully with bitstream "D:/Workspace/phase2/src/vivado/core_mem_vivado/core_mem_vivado.sdk/design_1_wrapper_hw_platform_0/design_1_wrapper.bit"
16:06:45 INFO  : 'targets -set -filter {jtag_cable_name =~ "Digilent Zed 210248572118" && level==0} -index 1' command is executed.
16:06:45 INFO  : 'fpga -state' command is executed.
16:06:45 INFO  : Connected to target on host '127.0.0.1' and port '3121'.
16:06:46 INFO  : Jtag cable 'Digilent Zed 210248572118' is selected.
16:06:46 INFO  : 'jtag frequency' command is executed.
16:06:46 INFO  : Sourcing of 'D:/Workspace/phase2/src/vivado/core_mem_vivado/core_mem_vivado.sdk/design_1_wrapper_hw_platform_0/ps7_init.tcl' is done.
16:06:46 INFO  : Context for 'APU' is selected.
16:06:46 INFO  : Hardware design information is loaded from 'D:/Workspace/phase2/src/vivado/core_mem_vivado/core_mem_vivado.sdk/design_1_wrapper_hw_platform_0/system.hdf'.
16:06:46 INFO  : 'configparams force-mem-access 1' command is executed.
16:06:46 INFO  : Context for 'APU' is selected.
16:06:46 INFO  : 'stop' command is executed.
16:06:47 INFO  : 'ps7_init' command is executed.
16:06:47 INFO  : 'ps7_post_config' command is executed.
16:06:47 INFO  : 'configparams force-mem-access 0' command is executed.
16:06:47 INFO  : ----------------XSDB Script----------------
connect -url tcp:127.0.0.1:3121
source D:/Workspace/phase2/src/vivado/core_mem_vivado/core_mem_vivado.sdk/design_1_wrapper_hw_platform_0/ps7_init.tcl
targets -set -nocase -filter {name =~"APU*" && jtag_cable_name =~ "Digilent Zed 210248572118"} -index 0
loadhw -hw D:/Workspace/phase2/src/vivado/core_mem_vivado/core_mem_vivado.sdk/design_1_wrapper_hw_platform_0/system.hdf -mem-ranges [list {0x40000000 0xbfffffff}]
configparams force-mem-access 1
targets -set -nocase -filter {name =~"APU*" && jtag_cable_name =~ "Digilent Zed 210248572118"} -index 0
stop
ps7_init
ps7_post_config
configparams force-mem-access 0
----------------End of Script----------------

16:06:47 INFO  : Disconnected from the channel tcfchan#4.
16:10:05 WARN  : channel "tcfchan#3" closed
16:12:00 INFO  : Registering command handlers for SDK TCF services
16:12:02 INFO  : Launching XSCT server: xsct.bat -interactive D:\Workspace\phase2\src\vivado\core_mem_vivado\core_mem_vivado.sdk\temp_xsdb_launch_script.tcl
16:12:10 INFO  : XSCT server has started successfully.
16:12:18 INFO  : Successfully done setting XSCT server connection channel  
16:12:19 INFO  : Successfully done setting SDK workspace  
16:12:19 INFO  : Processing command line option -hwspec D:/Workspace/phase2/src/vivado/core_mem_vivado/core_mem_vivado.sdk/design_1_wrapper.hdf.
16:12:19 INFO  : Checking for hwspec changes in the project design_1_wrapper_hw_platform_0.
16:12:56 INFO  : Connected to target on host '127.0.0.1' and port '3121'.
16:12:57 INFO  : 'targets -set -filter {jtag_cable_name =~ "Digilent Zed 210248572118" && level==0} -index 1' command is executed.
16:12:59 INFO  : FPGA configured successfully with bitstream "D:/Workspace/phase2/src/vivado/core_mem_vivado/core_mem_vivado.sdk/design_1_wrapper_hw_platform_0/design_1_wrapper.bit"
16:13:16 INFO  : 'targets -set -filter {jtag_cable_name =~ "Digilent Zed 210248572118" && level==0} -index 1' command is executed.
16:13:16 INFO  : 'fpga -state' command is executed.
16:13:16 INFO  : Connected to target on host '127.0.0.1' and port '3121'.
16:13:17 INFO  : Jtag cable 'Digilent Zed 210248572118' is selected.
16:13:17 INFO  : 'jtag frequency' command is executed.
16:13:17 INFO  : Sourcing of 'D:/Workspace/phase2/src/vivado/core_mem_vivado/core_mem_vivado.sdk/design_1_wrapper_hw_platform_0/ps7_init.tcl' is done.
16:13:18 INFO  : Context for 'APU' is selected.
16:13:18 INFO  : Hardware design information is loaded from 'D:/Workspace/phase2/src/vivado/core_mem_vivado/core_mem_vivado.sdk/design_1_wrapper_hw_platform_0/system.hdf'.
16:13:18 INFO  : 'configparams force-mem-access 1' command is executed.
16:13:18 INFO  : Context for 'APU' is selected.
16:13:18 INFO  : 'stop' command is executed.
16:13:19 INFO  : 'ps7_init' command is executed.
16:13:19 INFO  : 'ps7_post_config' command is executed.
16:13:19 INFO  : Context for processor 'ps7_cortexa9_0' is selected.
16:13:20 INFO  : Processor reset is completed for 'ps7_cortexa9_0'.
16:13:20 INFO  : Context for processor 'ps7_cortexa9_0' is selected.
16:13:20 INFO  : The application 'D:/Workspace/phase2/src/vivado/core_mem_vivado/core_mem_vivado.sdk/justhelloworld/Debug/justhelloworld.elf' is downloaded to processor 'ps7_cortexa9_0'.
16:13:20 INFO  : 'configparams force-mem-access 0' command is executed.
16:13:20 INFO  : ----------------XSDB Script----------------
connect -url tcp:127.0.0.1:3121
source D:/Workspace/phase2/src/vivado/core_mem_vivado/core_mem_vivado.sdk/design_1_wrapper_hw_platform_0/ps7_init.tcl
targets -set -nocase -filter {name =~"APU*" && jtag_cable_name =~ "Digilent Zed 210248572118"} -index 0
loadhw -hw D:/Workspace/phase2/src/vivado/core_mem_vivado/core_mem_vivado.sdk/design_1_wrapper_hw_platform_0/system.hdf -mem-ranges [list {0x40000000 0xbfffffff}]
configparams force-mem-access 1
targets -set -nocase -filter {name =~"APU*" && jtag_cable_name =~ "Digilent Zed 210248572118"} -index 0
stop
ps7_init
ps7_post_config
targets -set -nocase -filter {name =~ "ARM*#0" && jtag_cable_name =~ "Digilent Zed 210248572118"} -index 0
rst -processor
targets -set -nocase -filter {name =~ "ARM*#0" && jtag_cable_name =~ "Digilent Zed 210248572118"} -index 0
dow D:/Workspace/phase2/src/vivado/core_mem_vivado/core_mem_vivado.sdk/justhelloworld/Debug/justhelloworld.elf
configparams force-mem-access 0
----------------End of Script----------------

16:15:13 INFO  : Disconnected from the channel tcfchan#1.
16:15:56 INFO  : 'targets -set -filter {jtag_cable_name =~ "Digilent Zed 210248572118" && level==0} -index 1' command is executed.
16:15:56 INFO  : 'fpga -state' command is executed.
16:15:56 INFO  : Connected to target on host '127.0.0.1' and port '3121'.
16:15:56 INFO  : Jtag cable 'Digilent Zed 210248572118' is selected.
16:15:56 INFO  : 'jtag frequency' command is executed.
16:15:56 INFO  : Sourcing of 'D:/Workspace/phase2/src/vivado/core_mem_vivado/core_mem_vivado.sdk/design_1_wrapper_hw_platform_0/ps7_init.tcl' is done.
16:15:56 INFO  : Context for 'APU' is selected.
16:15:56 INFO  : Hardware design information is loaded from 'D:/Workspace/phase2/src/vivado/core_mem_vivado/core_mem_vivado.sdk/design_1_wrapper_hw_platform_0/system.hdf'.
16:15:56 INFO  : 'configparams force-mem-access 1' command is executed.
16:15:56 INFO  : Context for 'APU' is selected.
16:15:56 INFO  : 'stop' command is executed.
16:15:57 INFO  : 'ps7_init' command is executed.
16:15:57 INFO  : 'ps7_post_config' command is executed.
16:15:57 INFO  : 'configparams force-mem-access 0' command is executed.
16:15:57 INFO  : ----------------XSDB Script----------------
connect -url tcp:127.0.0.1:3121
source D:/Workspace/phase2/src/vivado/core_mem_vivado/core_mem_vivado.sdk/design_1_wrapper_hw_platform_0/ps7_init.tcl
targets -set -nocase -filter {name =~"APU*" && jtag_cable_name =~ "Digilent Zed 210248572118"} -index 0
loadhw -hw D:/Workspace/phase2/src/vivado/core_mem_vivado/core_mem_vivado.sdk/design_1_wrapper_hw_platform_0/system.hdf -mem-ranges [list {0x40000000 0xbfffffff}]
configparams force-mem-access 1
targets -set -nocase -filter {name =~"APU*" && jtag_cable_name =~ "Digilent Zed 210248572118"} -index 0
stop
ps7_init
ps7_post_config
configparams force-mem-access 0
----------------End of Script----------------

16:16:41 INFO  : Disconnected from the channel tcfchan#2.
16:34:18 INFO  : 'targets -set -filter {jtag_cable_name =~ "Digilent Zed 210248572118" && level==0} -index 1' command is executed.
16:34:18 INFO  : 'fpga -state' command is executed.
16:34:18 INFO  : Connected to target on host '127.0.0.1' and port '3121'.
16:34:19 INFO  : Jtag cable 'Digilent Zed 210248572118' is selected.
16:34:19 INFO  : 'jtag frequency' command is executed.
16:34:19 INFO  : Sourcing of 'D:/Workspace/phase2/src/vivado/core_mem_vivado/core_mem_vivado.sdk/design_1_wrapper_hw_platform_0/ps7_init.tcl' is done.
16:34:19 INFO  : Context for 'APU' is selected.
16:34:19 INFO  : Hardware design information is loaded from 'D:/Workspace/phase2/src/vivado/core_mem_vivado/core_mem_vivado.sdk/design_1_wrapper_hw_platform_0/system.hdf'.
16:34:19 INFO  : 'configparams force-mem-access 1' command is executed.
16:34:19 INFO  : Context for 'APU' is selected.
16:34:19 INFO  : 'stop' command is executed.
16:34:20 INFO  : 'ps7_init' command is executed.
16:34:20 INFO  : 'ps7_post_config' command is executed.
16:34:20 INFO  : Context for processor 'ps7_cortexa9_0' is selected.
16:34:20 INFO  : Processor reset is completed for 'ps7_cortexa9_0'.
16:34:20 INFO  : Context for processor 'ps7_cortexa9_0' is selected.
16:34:20 INFO  : The application 'D:/Workspace/phase2/src/vivado/core_mem_vivado/core_mem_vivado.sdk/testMemory2/Debug/testMemory2.elf' is downloaded to processor 'ps7_cortexa9_0'.
16:34:20 INFO  : 'configparams force-mem-access 0' command is executed.
16:34:20 INFO  : ----------------XSDB Script----------------
connect -url tcp:127.0.0.1:3121
source D:/Workspace/phase2/src/vivado/core_mem_vivado/core_mem_vivado.sdk/design_1_wrapper_hw_platform_0/ps7_init.tcl
targets -set -nocase -filter {name =~"APU*" && jtag_cable_name =~ "Digilent Zed 210248572118"} -index 0
loadhw -hw D:/Workspace/phase2/src/vivado/core_mem_vivado/core_mem_vivado.sdk/design_1_wrapper_hw_platform_0/system.hdf -mem-ranges [list {0x40000000 0xbfffffff}]
configparams force-mem-access 1
targets -set -nocase -filter {name =~"APU*" && jtag_cable_name =~ "Digilent Zed 210248572118"} -index 0
stop
ps7_init
ps7_post_config
targets -set -nocase -filter {name =~ "ARM*#0" && jtag_cable_name =~ "Digilent Zed 210248572118"} -index 0
rst -processor
targets -set -nocase -filter {name =~ "ARM*#0" && jtag_cable_name =~ "Digilent Zed 210248572118"} -index 0
dow D:/Workspace/phase2/src/vivado/core_mem_vivado/core_mem_vivado.sdk/testMemory2/Debug/testMemory2.elf
configparams force-mem-access 0
----------------End of Script----------------

16:34:20 INFO  : Context for processor 'ps7_cortexa9_0' is selected.
16:34:20 INFO  : 'con' command is executed.
16:34:20 INFO  : ----------------XSDB Script (After Launch)----------------
targets -set -nocase -filter {name =~ "ARM*#0" && jtag_cable_name =~ "Digilent Zed 210248572118"} -index 0
con
----------------End of Script----------------

16:34:20 INFO  : Disconnected from the channel tcfchan#3.
16:34:37 INFO  : 'targets -set -filter {jtag_cable_name =~ "Digilent Zed 210248572118" && level==0} -index 1' command is executed.
16:34:37 INFO  : 'fpga -state' command is executed.
16:34:37 INFO  : Connected to target on host '127.0.0.1' and port '3121'.
16:34:38 INFO  : Jtag cable 'Digilent Zed 210248572118' is selected.
16:34:38 INFO  : 'jtag frequency' command is executed.
16:34:38 INFO  : Sourcing of 'D:/Workspace/phase2/src/vivado/core_mem_vivado/core_mem_vivado.sdk/design_1_wrapper_hw_platform_0/ps7_init.tcl' is done.
16:34:38 INFO  : Context for 'APU' is selected.
16:34:42 INFO  : Hardware design information is loaded from 'D:/Workspace/phase2/src/vivado/core_mem_vivado/core_mem_vivado.sdk/design_1_wrapper_hw_platform_0/system.hdf'.
16:34:42 INFO  : 'configparams force-mem-access 1' command is executed.
16:34:42 INFO  : Context for 'APU' is selected.
16:34:42 INFO  : 'stop' command is executed.
16:34:43 INFO  : 'ps7_init' command is executed.
16:34:43 INFO  : 'ps7_post_config' command is executed.
16:34:43 INFO  : Context for processor 'ps7_cortexa9_0' is selected.
16:34:43 INFO  : Processor reset is completed for 'ps7_cortexa9_0'.
16:34:43 INFO  : Context for processor 'ps7_cortexa9_0' is selected.
16:34:43 INFO  : The application 'D:/Workspace/phase2/src/vivado/core_mem_vivado/core_mem_vivado.sdk/testMemory2/Debug/testMemory2.elf' is downloaded to processor 'ps7_cortexa9_0'.
16:34:43 INFO  : 'configparams force-mem-access 0' command is executed.
16:34:43 INFO  : ----------------XSDB Script----------------
connect -url tcp:127.0.0.1:3121
source D:/Workspace/phase2/src/vivado/core_mem_vivado/core_mem_vivado.sdk/design_1_wrapper_hw_platform_0/ps7_init.tcl
targets -set -nocase -filter {name =~"APU*" && jtag_cable_name =~ "Digilent Zed 210248572118"} -index 0
loadhw -hw D:/Workspace/phase2/src/vivado/core_mem_vivado/core_mem_vivado.sdk/design_1_wrapper_hw_platform_0/system.hdf -mem-ranges [list {0x40000000 0xbfffffff}]
configparams force-mem-access 1
targets -set -nocase -filter {name =~"APU*" && jtag_cable_name =~ "Digilent Zed 210248572118"} -index 0
stop
ps7_init
ps7_post_config
targets -set -nocase -filter {name =~ "ARM*#0" && jtag_cable_name =~ "Digilent Zed 210248572118"} -index 0
rst -processor
targets -set -nocase -filter {name =~ "ARM*#0" && jtag_cable_name =~ "Digilent Zed 210248572118"} -index 0
dow D:/Workspace/phase2/src/vivado/core_mem_vivado/core_mem_vivado.sdk/testMemory2/Debug/testMemory2.elf
configparams force-mem-access 0
----------------End of Script----------------

16:34:43 INFO  : Memory regions updated for context APU
16:34:44 INFO  : Context for processor 'ps7_cortexa9_0' is selected.
16:34:44 INFO  : 'con' command is executed.
16:34:44 INFO  : ----------------XSDB Script (After Launch)----------------
targets -set -nocase -filter {name =~ "ARM*#0" && jtag_cable_name =~ "Digilent Zed 210248572118"} -index 0
con
----------------End of Script----------------

16:34:44 INFO  : Launch script is exported to file 'D:\Workspace\phase2\src\vivado\core_mem_vivado\core_mem_vivado.sdk\.sdk\launch_scripts\xilinx_c-c++_application_(system_debugger)\system_debugger_using_debug_testmemory2.elf_on_local.tcl'
17:11:53 INFO  : Disconnected from the channel tcfchan#4.
